-------------------------------------------------------------------------------
Test set: HelloWorldBuilderTest
-------------------------------------------------------------------------------
Tests run: 4, Failures: 0, Errors: 4, Skipped: 0, Time elapsed: 0.035 s <<< FAILURE! -- in HelloWorldBuilderTest
HelloWorldBuilderTest.build_shouldReturnHelloWorld -- Time elapsed: 0.017 s <<< ERROR!
java.lang.UnsupportedOperationException: Not yet implemented
	at HelloWorldBuilder.addH(HelloWorldBuilder.java:42)
	at HelloWorldBuilder.build(HelloWorldBuilder.java:119)
	at HelloWorldBuilderTest.build_shouldReturnHelloWorld(HelloWorldBuilderTest.java:6)
	at java.base/java.lang.reflect.Method.invoke(Method.java:580)
	at java.base/java.util.ArrayList.forEach(ArrayList.java:1596)
	at java.base/java.util.ArrayList.forEach(ArrayList.java:1596)

HelloWorldBuilderTest.build_hasCorrectLength -- Time elapsed: 0.002 s <<< ERROR!
java.lang.UnsupportedOperationException: Not yet implemented
	at HelloWorldBuilder.addH(HelloWorldBuilder.java:42)
	at HelloWorldBuilder.build(HelloWorldBuilder.java:119)
	at HelloWorldBuilderTest.build_hasCorrectLength(HelloWorldBuilderTest.java:26)
	at java.base/java.lang.reflect.Method.invoke(Method.java:580)
	at java.base/java.util.ArrayList.forEach(ArrayList.java:1596)
	at java.base/java.util.ArrayList.forEach(ArrayList.java:1596)

HelloWorldBuilderTest.build_shouldHandleExceptionsCorrectly -- Time elapsed: 0.002 s <<< ERROR!
java.lang.UnsupportedOperationException: Not yet implemented
	at HelloWorldBuilder.addH(HelloWorldBuilder.java:42)
	at HelloWorldBuilder.build(HelloWorldBuilder.java:119)
	at HelloWorldBuilderTest.build_shouldHandleExceptionsCorrectly(HelloWorldBuilderTest.java:13)
	at java.base/java.lang.reflect.Method.invoke(Method.java:580)
	at java.base/java.util.ArrayList.forEach(ArrayList.java:1596)
	at java.base/java.util.ArrayList.forEach(ArrayList.java:1596)

HelloWorldBuilderTest.build_finallyAlwaysExecutes -- Time elapsed: 0.001 s <<< ERROR!
java.lang.UnsupportedOperationException: Not yet implemented
	at HelloWorldBuilder.addH(HelloWorldBuilder.java:42)
	at HelloWorldBuilder.build(HelloWorldBuilder.java:119)
	at HelloWorldBuilderTest.build_finallyAlwaysExecutes(HelloWorldBuilderTest.java:20)
	at java.base/java.lang.reflect.Method.invoke(Method.java:580)
	at java.base/java.util.ArrayList.forEach(ArrayList.java:1596)
	at java.base/java.util.ArrayList.forEach(ArrayList.java:1596)

